<?xml version="1.0" encoding="UTF-8"?>
<testsuite xmlns:xsi="http://www.w3.org/2001/XMLSchema-instance" xsi:noNamespaceSchemaLocation="https://maven.apache.org/surefire/maven-surefire-plugin/xsd/surefire-test-report.xsd" version="3.0.2" name="com.example.empresa.EmpresaApplicationTests" time="0.977" tests="1" errors="0" skipped="0" failures="0">
  <properties>
[...]
</properties>
  <testcase name="contextLoads" classname="com.example.empresa.EmpresaApplicationTests" time="0.009">
    <system-out><![CDATA[2025-09-10T12:45:14.313-03:00  INFO 36732 --- [           main] t.c.s.AnnotationConfigContextLoaderUtils : Could not detect default configuration classes for test class [com.example.empresa.EmpresaApplicationTests]: EmpresaApplicationTests does not declare any static, non-private, non-final, nested classes annotated with @Configuration.
2025-09-10T12:45:14.318-03:00  INFO 36732 --- [           main] .b.t.c.SpringBootTestContextBootstrapper : Found @SpringBootConfiguration com.example.empresa.EmpresaApplication for test class com.example.empresa.EmpresaApplicationTests

  .   ____          _            __ _ _
 /\\ / ___'_ __ _ _(_)_ __  __ _ \ \ \ \
( ( )\___ | '_ | '_| | '_ \/ _` | \ \ \ \
 \\/  ___)| |_)| | | | | || (_| |  ) ) ) )
  '  |____| .__|_| |_|_| |_\__, | / / / /
 =========|_|==============|___/=/_/_/_/

 :: Spring Boot ::                (v3.5.5)

2025-09-10T12:45:14.355-03:00  INFO 36732 --- [           main] c.e.empresa.EmpresaApplicationTests      : Starting EmpresaApplicationTests using Java 17.0.14 with PID 36732 (started by bruno in /home/bruno/Escritorio/Progrmacion 2/tp5/programacion-2-trabajo-practico-5-Brunopiastre)
2025-09-10T12:45:14.356-03:00  INFO 36732 --- [           main] c.e.empresa.EmpresaApplicationTests      : No active profile set, falling back to 1 default profile: "default"
2025-09-10T12:45:14.569-03:00  INFO 36732 --- [           main] .s.d.r.c.RepositoryConfigurationDelegate : Bootstrapping Spring Data JPA repositories in DEFAULT mode.
2025-09-10T12:45:14.578-03:00  INFO 36732 --- [           main] .s.d.r.c.RepositoryConfigurationDelegate : Finished Spring Data repository scanning in 8 ms. Found 3 JPA repository interfaces.
2025-09-10T12:45:14.722-03:00  INFO 36732 --- [           main] o.hibernate.jpa.internal.util.LogHelper  : HHH000204: Processing PersistenceUnitInfo [name: default]
2025-09-10T12:45:14.724-03:00  INFO 36732 --- [           main] o.h.c.internal.RegionFactoryInitiator    : HHH000026: Second-level cache disabled
2025-09-10T12:45:14.733-03:00  INFO 36732 --- [           main] o.s.o.j.p.SpringPersistenceUnitInfo      : No LoadTimeWeaver setup: ignoring JPA class transformer
2025-09-10T12:45:14.735-03:00  INFO 36732 --- [           main] com.zaxxer.hikari.HikariDataSource       : HikariPool-1 - Starting...
2025-09-10T12:45:14.753-03:00  INFO 36732 --- [           main] com.zaxxer.hikari.pool.HikariPool        : HikariPool-1 - Added connection conn7: url=jdbc:h2:mem:empresa user=SA
2025-09-10T12:45:14.754-03:00  INFO 36732 --- [           main] com.zaxxer.hikari.HikariDataSource       : HikariPool-1 - Start completed.
2025-09-10T12:45:14.763-03:00  INFO 36732 --- [           main] org.hibernate.orm.connections.pooling    : HHH10001005: Database info:
	Database JDBC URL [Connecting through datasource 'HikariDataSource (HikariPool-1)']
	Database driver: undefined/unknown
	Database version: 2.3.232
	Autocommit mode: undefined/unknown
	Isolation level: undefined/unknown
	Minimum pool size: undefined/unknown
	Maximum pool size: undefined/unknown
2025-09-10T12:45:14.796-03:00  INFO 36732 --- [           main] o.h.e.t.j.p.i.JtaPlatformInitiator       : HHH000489: No JTA platform available (set 'hibernate.transaction.jta.platform' to enable JTA platform integration)
2025-09-10T12:45:14.797-03:00 DEBUG 36732 --- [           main] org.hibernate.SQL                        : 
    drop table if exists departamentos cascade 
Hibernate: 
    drop table if exists departamentos cascade 
2025-09-10T12:45:14.798-03:00 DEBUG 36732 --- [           main] org.hibernate.SQL                        : 
    drop table if exists empleado_proyecto cascade 
Hibernate: 
    drop table if exists empleado_proyecto cascade 
2025-09-10T12:45:14.799-03:00 DEBUG 36732 --- [           main] org.hibernate.SQL                        : 
    drop table if exists empleados cascade 
Hibernate: 
    drop table if exists empleados cascade 
2025-09-10T12:45:14.799-03:00 DEBUG 36732 --- [           main] org.hibernate.SQL                        : 
    drop table if exists proyectos cascade 
Hibernate: 
    drop table if exists proyectos cascade 
2025-09-10T12:45:14.799-03:00 DEBUG 36732 --- [           main] org.hibernate.SQL                        : 
    create table departamentos (
        id bigint generated by default as identity,
        descripcion varchar(255),
        nombre varchar(255) not null,
        primary key (id)
    )
Hibernate: 
    create table departamentos (
        id bigint generated by default as identity,
        descripcion varchar(255),
        nombre varchar(255) not null,
        primary key (id)
    )
2025-09-10T12:45:14.801-03:00 DEBUG 36732 --- [           main] org.hibernate.SQL                        : 
    create table empleado_proyecto (
        empleado_id bigint not null,
        proyecto_id bigint not null,
        primary key (empleado_id, proyecto_id)
    )
Hibernate: 
    create table empleado_proyecto (
        empleado_id bigint not null,
        proyecto_id bigint not null,
        primary key (empleado_id, proyecto_id)
    )
2025-09-10T12:45:14.802-03:00 DEBUG 36732 --- [           main] org.hibernate.SQL                        : 
    create table empleados (
        fecha_contratacion date,
        salario float(53),
        departamento_id bigint,
        id bigint generated by default as identity,
        apellido varchar(255),
        email varchar(255),
        nombre varchar(255),
        primary key (id)
    )
Hibernate: 
    create table empleados (
        fecha_contratacion date,
        salario float(53),
        departamento_id bigint,
        id bigint generated by default as identity,
        apellido varchar(255),
        email varchar(255),
        nombre varchar(255),
        primary key (id)
    )
2025-09-10T12:45:14.803-03:00 DEBUG 36732 --- [           main] org.hibernate.SQL                        : 
    create table proyectos (
        fecha_fin date,
        fecha_inicio date,
        id bigint generated by default as identity,
        descripcion varchar(255),
        nombre varchar(255),
        primary key (id)
    )
Hibernate: 
    create table proyectos (
        fecha_fin date,
        fecha_inicio date,
        id bigint generated by default as identity,
        descripcion varchar(255),
        nombre varchar(255),
        primary key (id)
    )
2025-09-10T12:45:14.804-03:00 DEBUG 36732 --- [           main] org.hibernate.SQL                        : 
    alter table if exists empleado_proyecto 
       add constraint FKdjyaatr3q6yytbw76qnbtkiow 
       foreign key (proyecto_id) 
       references proyectos
Hibernate: 
    alter table if exists empleado_proyecto 
       add constraint FKdjyaatr3q6yytbw76qnbtkiow 
       foreign key (proyecto_id) 
       references proyectos
2025-09-10T12:45:14.806-03:00 DEBUG 36732 --- [           main] org.hibernate.SQL                        : 
    alter table if exists empleado_proyecto 
       add constraint FKecnfcqq5fkwqac9mgcmd79pl6 
       foreign key (empleado_id) 
       references empleados
Hibernate: 
    alter table if exists empleado_proyecto 
       add constraint FKecnfcqq5fkwqac9mgcmd79pl6 
       foreign key (empleado_id) 
       references empleados
2025-09-10T12:45:14.807-03:00 DEBUG 36732 --- [           main] org.hibernate.SQL                        : 
    alter table if exists empleados 
       add constraint FK1dvvcamb3oxb2d9xqd9taug0u 
       foreign key (departamento_id) 
       references departamentos
Hibernate: 
    alter table if exists empleados 
       add constraint FK1dvvcamb3oxb2d9xqd9taug0u 
       foreign key (departamento_id) 
       references departamentos
2025-09-10T12:45:14.809-03:00  INFO 36732 --- [           main] j.LocalContainerEntityManagerFactoryBean : Initialized JPA EntityManagerFactory for persistence unit 'default'
2025-09-10T12:45:15.219-03:00  INFO 36732 --- [           main] o.s.b.a.h2.H2ConsoleAutoConfiguration    : H2 console available at '/h2-console'. Database available at 'jdbc:h2:mem:empresa'
2025-09-10T12:45:15.270-03:00  INFO 36732 --- [           main] c.e.empresa.EmpresaApplicationTests      : Started EmpresaApplicationTests in 0.944 seconds (process running for 4.788)
]]></system-out>
  </testcase>
</testsuite>