<?xml version="1.0" encoding="UTF-8"?>
<testsuite xmlns:xsi="http://www.w3.org/2001/XMLSchema-instance" xsi:noNamespaceSchemaLocation="https://maven.apache.org/surefire/maven-surefire-plugin/xsd/surefire-test-report.xsd" version="3.0.2" name="com.example.empresa.repository.EmpleadoRepositoryTest" time="3.427" tests="1" errors="0" skipped="0" failures="0">
  <properties>
[...]
</properties>
  <testcase name="guardaYBuscaPorEmail_yPorNombreDepartamento" classname="com.example.empresa.repository.EmpleadoRepositoryTest" time="0.467">
    <system-out><![CDATA[12:45:11.001 [main] INFO org.springframework.test.context.support.AnnotationConfigContextLoaderUtils -- Could not detect default configuration classes for test class [com.example.empresa.repository.EmpleadoRepositoryTest]: EmpleadoRepositoryTest does not declare any static, non-private, non-final, nested classes annotated with @Configuration.
12:45:11.119 [main] INFO org.springframework.boot.test.context.SpringBootTestContextBootstrapper -- Found @SpringBootConfiguration com.example.empresa.EmpresaApplication for test class com.example.empresa.repository.EmpleadoRepositoryTest

  .   ____          _            __ _ _
 /\\ / ___'_ __ _ _(_)_ __  __ _ \ \ \ \
( ( )\___ | '_ | '_| | '_ \/ _` | \ \ \ \
 \\/  ___)| |_)| | | | | || (_| |  ) ) ) )
  '  |____| .__|_| |_|_| |_\__, | / / / /
 =========|_|==============|___/=/_/_/_/

 :: Spring Boot ::                (v3.5.5)

2025-09-10T12:45:11.489-03:00  INFO 36732 --- [           main] c.e.e.repository.EmpleadoRepositoryTest  : Starting EmpleadoRepositoryTest using Java 17.0.14 with PID 36732 (started by bruno in /home/bruno/Escritorio/Progrmacion 2/tp5/programacion-2-trabajo-practico-5-Brunopiastre)
2025-09-10T12:45:11.490-03:00  INFO 36732 --- [           main] c.e.e.repository.EmpleadoRepositoryTest  : No active profile set, falling back to 1 default profile: "default"
2025-09-10T12:45:11.782-03:00  INFO 36732 --- [           main] .s.d.r.c.RepositoryConfigurationDelegate : Bootstrapping Spring Data JPA repositories in DEFAULT mode.
2025-09-10T12:45:11.838-03:00  INFO 36732 --- [           main] .s.d.r.c.RepositoryConfigurationDelegate : Finished Spring Data repository scanning in 46 ms. Found 3 JPA repository interfaces.
2025-09-10T12:45:11.881-03:00  INFO 36732 --- [           main] beddedDataSourceBeanFactoryPostProcessor : Replacing 'dataSource' DataSource bean with embedded version
2025-09-10T12:45:11.959-03:00  INFO 36732 --- [           main] o.s.j.d.e.EmbeddedDatabaseFactory        : Starting embedded database: url='jdbc:h2:mem:d73011d4-64ba-4555-aff6-36d63754bf98;DB_CLOSE_DELAY=-1;DB_CLOSE_ON_EXIT=false', username='sa'
2025-09-10T12:45:12.123-03:00  INFO 36732 --- [           main] o.hibernate.jpa.internal.util.LogHelper  : HHH000204: Processing PersistenceUnitInfo [name: default]
2025-09-10T12:45:12.158-03:00  INFO 36732 --- [           main] org.hibernate.Version                    : HHH000412: Hibernate ORM core version 6.6.26.Final
2025-09-10T12:45:12.179-03:00  INFO 36732 --- [           main] o.h.c.internal.RegionFactoryInitiator    : HHH000026: Second-level cache disabled
2025-09-10T12:45:12.351-03:00  INFO 36732 --- [           main] o.s.o.j.p.SpringPersistenceUnitInfo      : No LoadTimeWeaver setup: ignoring JPA class transformer
2025-09-10T12:45:12.415-03:00  INFO 36732 --- [           main] org.hibernate.orm.connections.pooling    : HHH10001005: Database info:
	Database JDBC URL [Connecting through datasource 'org.springframework.jdbc.datasource.embedded.EmbeddedDatabaseFactory$EmbeddedDataSourceProxy@45eab322']
	Database driver: undefined/unknown
	Database version: 2.3.232
	Autocommit mode: undefined/unknown
	Isolation level: undefined/unknown
	Minimum pool size: undefined/unknown
	Maximum pool size: undefined/unknown
2025-09-10T12:45:13.071-03:00  INFO 36732 --- [           main] o.h.e.t.j.p.i.JtaPlatformInitiator       : HHH000489: No JTA platform available (set 'hibernate.transaction.jta.platform' to enable JTA platform integration)
2025-09-10T12:45:13.080-03:00 DEBUG 36732 --- [           main] org.hibernate.SQL                        : 
    drop table if exists departamentos cascade 
Hibernate: 
    drop table if exists departamentos cascade 
2025-09-10T12:45:13.082-03:00 DEBUG 36732 --- [           main] org.hibernate.SQL                        : 
    drop table if exists empleado_proyecto cascade 
Hibernate: 
    drop table if exists empleado_proyecto cascade 
2025-09-10T12:45:13.082-03:00 DEBUG 36732 --- [           main] org.hibernate.SQL                        : 
    drop table if exists empleados cascade 
Hibernate: 
    drop table if exists empleados cascade 
2025-09-10T12:45:13.083-03:00 DEBUG 36732 --- [           main] org.hibernate.SQL                        : 
    drop table if exists proyectos cascade 
Hibernate: 
    drop table if exists proyectos cascade 
2025-09-10T12:45:13.085-03:00 DEBUG 36732 --- [           main] org.hibernate.SQL                        : 
    create table departamentos (
        id bigint generated by default as identity,
        descripcion varchar(255),
        nombre varchar(255) not null,
        primary key (id)
    )
Hibernate: 
    create table departamentos (
        id bigint generated by default as identity,
        descripcion varchar(255),
        nombre varchar(255) not null,
        primary key (id)
    )
2025-09-10T12:45:13.091-03:00 DEBUG 36732 --- [           main] org.hibernate.SQL                        : 
    create table empleado_proyecto (
        empleado_id bigint not null,
        proyecto_id bigint not null,
        primary key (empleado_id, proyecto_id)
    )
Hibernate: 
    create table empleado_proyecto (
        empleado_id bigint not null,
        proyecto_id bigint not null,
        primary key (empleado_id, proyecto_id)
    )
2025-09-10T12:45:13.093-03:00 DEBUG 36732 --- [           main] org.hibernate.SQL                        : 
    create table empleados (
        fecha_contratacion date,
        salario float(53),
        departamento_id bigint,
        id bigint generated by default as identity,
        apellido varchar(255),
        email varchar(255),
        nombre varchar(255),
        primary key (id)
    )
Hibernate: 
    create table empleados (
        fecha_contratacion date,
        salario float(53),
        departamento_id bigint,
        id bigint generated by default as identity,
        apellido varchar(255),
        email varchar(255),
        nombre varchar(255),
        primary key (id)
    )
2025-09-10T12:45:13.094-03:00 DEBUG 36732 --- [           main] org.hibernate.SQL                        : 
    create table proyectos (
        fecha_fin date,
        fecha_inicio date,
        id bigint generated by default as identity,
        descripcion varchar(255),
        nombre varchar(255),
        primary key (id)
    )
Hibernate: 
    create table proyectos (
        fecha_fin date,
        fecha_inicio date,
        id bigint generated by default as identity,
        descripcion varchar(255),
        nombre varchar(255),
        primary key (id)
    )
2025-09-10T12:45:13.095-03:00 DEBUG 36732 --- [           main] org.hibernate.SQL                        : 
    alter table if exists empleado_proyecto 
       add constraint FKdjyaatr3q6yytbw76qnbtkiow 
       foreign key (proyecto_id) 
       references proyectos
Hibernate: 
    alter table if exists empleado_proyecto 
       add constraint FKdjyaatr3q6yytbw76qnbtkiow 
       foreign key (proyecto_id) 
       references proyectos
2025-09-10T12:45:13.103-03:00 DEBUG 36732 --- [           main] org.hibernate.SQL                        : 
    alter table if exists empleado_proyecto 
       add constraint FKecnfcqq5fkwqac9mgcmd79pl6 
       foreign key (empleado_id) 
       references empleados
Hibernate: 
    alter table if exists empleado_proyecto 
       add constraint FKecnfcqq5fkwqac9mgcmd79pl6 
       foreign key (empleado_id) 
       references empleados
2025-09-10T12:45:13.105-03:00 DEBUG 36732 --- [           main] org.hibernate.SQL                        : 
    alter table if exists empleados 
       add constraint FK1dvvcamb3oxb2d9xqd9taug0u 
       foreign key (departamento_id) 
       references departamentos
Hibernate: 
    alter table if exists empleados 
       add constraint FK1dvvcamb3oxb2d9xqd9taug0u 
       foreign key (departamento_id) 
       references departamentos
2025-09-10T12:45:13.107-03:00  INFO 36732 --- [           main] j.LocalContainerEntityManagerFactoryBean : Initialized JPA EntityManagerFactory for persistence unit 'default'
2025-09-10T12:45:13.364-03:00  INFO 36732 --- [           main] o.s.d.j.r.query.QueryEnhancerFactory     : Hibernate is in classpath; If applicable, HQL parser will be used.
2025-09-10T12:45:13.832-03:00  INFO 36732 --- [           main] c.e.e.repository.EmpleadoRepositoryTest  : Started EmpleadoRepositoryTest in 2.658 seconds (process running for 3.351)
2025-09-10T12:45:14.147-03:00 DEBUG 36732 --- [           main] org.hibernate.SQL                        : 
    insert 
    into
        departamentos
        (descripcion, nombre, id) 
    values
        (?, ?, default)
Hibernate: 
    insert 
    into
        departamentos
        (descripcion, nombre, id) 
    values
        (?, ?, default)
2025-09-10T12:45:14.150-03:00 TRACE 36732 --- [           main] org.hibernate.orm.jdbc.bind              : binding parameter (1:VARCHAR) <- [Tecnología]
2025-09-10T12:45:14.150-03:00 TRACE 36732 --- [           main] org.hibernate.orm.jdbc.bind              : binding parameter (2:VARCHAR) <- [IT]
2025-09-10T12:45:14.175-03:00 DEBUG 36732 --- [           main] org.hibernate.SQL                        : 
    insert 
    into
        empleados
        (apellido, departamento_id, email, fecha_contratacion, nombre, salario, id) 
    values
        (?, ?, ?, ?, ?, ?, default)
Hibernate: 
    insert 
    into
        empleados
        (apellido, departamento_id, email, fecha_contratacion, nombre, salario, id) 
    values
        (?, ?, ?, ?, ?, ?, default)
2025-09-10T12:45:14.176-03:00 TRACE 36732 --- [           main] org.hibernate.orm.jdbc.bind              : binding parameter (1:VARCHAR) <- [Pérez]
2025-09-10T12:45:14.176-03:00 TRACE 36732 --- [           main] org.hibernate.orm.jdbc.bind              : binding parameter (2:BIGINT) <- [3]
2025-09-10T12:45:14.176-03:00 TRACE 36732 --- [           main] org.hibernate.orm.jdbc.bind              : binding parameter (3:VARCHAR) <- [juan.perez@empresa.com]
2025-09-10T12:45:14.176-03:00 TRACE 36732 --- [           main] org.hibernate.orm.jdbc.bind              : binding parameter (4:DATE) <- [2025-09-10]
2025-09-10T12:45:14.177-03:00 TRACE 36732 --- [           main] org.hibernate.orm.jdbc.bind              : binding parameter (5:VARCHAR) <- [Juan]
2025-09-10T12:45:14.177-03:00 TRACE 36732 --- [           main] org.hibernate.orm.jdbc.bind              : binding parameter (6:DOUBLE) <- [50000.0]
2025-09-10T12:45:14.226-03:00 DEBUG 36732 --- [           main] org.hibernate.SQL                        : 
    select
        e1_0.id,
        e1_0.apellido,
        e1_0.departamento_id,
        e1_0.email,
        e1_0.fecha_contratacion,
        e1_0.nombre,
        e1_0.salario 
    from
        empleados e1_0 
    where
        e1_0.email=?
Hibernate: 
    select
        e1_0.id,
        e1_0.apellido,
        e1_0.departamento_id,
        e1_0.email,
        e1_0.fecha_contratacion,
        e1_0.nombre,
        e1_0.salario 
    from
        empleados e1_0 
    where
        e1_0.email=?
2025-09-10T12:45:14.227-03:00 TRACE 36732 --- [           main] org.hibernate.orm.jdbc.bind              : binding parameter (1:VARCHAR) <- [juan.perez@empresa.com]
2025-09-10T12:45:14.279-03:00 DEBUG 36732 --- [           main] org.hibernate.SQL                        : 
    select
        e1_0.id,
        e1_0.apellido,
        e1_0.departamento_id,
        e1_0.email,
        e1_0.fecha_contratacion,
        e1_0.nombre,
        e1_0.salario 
    from
        empleados e1_0 
    join
        departamentos d1_0 
            on d1_0.id=e1_0.departamento_id 
    where
        d1_0.nombre=?
Hibernate: 
    select
        e1_0.id,
        e1_0.apellido,
        e1_0.departamento_id,
        e1_0.email,
        e1_0.fecha_contratacion,
        e1_0.nombre,
        e1_0.salario 
    from
        empleados e1_0 
    join
        departamentos d1_0 
            on d1_0.id=e1_0.departamento_id 
    where
        d1_0.nombre=?
2025-09-10T12:45:14.281-03:00 TRACE 36732 --- [           main] org.hibernate.orm.jdbc.bind              : binding parameter (1:VARCHAR) <- [IT]
2025-09-10T12:45:14.284-03:00 DEBUG 36732 --- [           main] org.hibernate.SQL                        : 
    select
        d1_0.id,
        d1_0.descripcion,
        d1_0.nombre 
    from
        departamentos d1_0 
    where
        d1_0.id=?
Hibernate: 
    select
        d1_0.id,
        d1_0.descripcion,
        d1_0.nombre 
    from
        departamentos d1_0 
    where
        d1_0.id=?
2025-09-10T12:45:14.285-03:00 TRACE 36732 --- [           main] org.hibernate.orm.jdbc.bind              : binding parameter (1:BIGINT) <- [1]
]]></system-out>
  </testcase>
</testsuite>